Warning: "seq_attrs" and "adv_seq_attrs were deprecated, please use "def_attrs". <class 'apps.models.account_mapping.AccountMapping'>
Warning: "seq_attrs" and "adv_seq_attrs were deprecated, please use "def_attrs". <class 'apps.models.user.User'>
Warning: "seq_attrs" and "adv_seq_attrs were deprecated, please use "def_attrs". <class 'apps.models.account_mapping.AccountMapping'>
Warning: "seq_attrs" and "adv_seq_attrs were deprecated, please use "def_attrs". <class 'apps.models.user.User'>
Warning: "seq_attrs" and "adv_seq_attrs were deprecated, please use "def_attrs". <class 'apps.models.account_mapping.AccountMapping'>
Warning: "seq_attrs" and "adv_seq_attrs were deprecated, please use "def_attrs". <class 'apps.models.user.User'>
Warning: "seq_attrs" and "adv_seq_attrs were deprecated, please use "def_attrs". <class 'apps.models.account_mapping.AccountMapping'>
Warning: "seq_attrs" and "adv_seq_attrs were deprecated, please use "def_attrs". <class 'apps.models.user.User'>
Warning: "seq_attrs" and "adv_seq_attrs were deprecated, please use "def_attrs". <class 'apps.models.game_info.GameInfo'>
Warning: "seq_attrs" and "adv_seq_attrs were deprecated, please use "def_attrs". <class 'apps.models.account_mapping.AccountMapping'>
Warning: "seq_attrs" and "adv_seq_attrs were deprecated, please use "def_attrs". <class 'apps.models.user.User'>
Warning: "seq_attrs" and "adv_seq_attrs were deprecated, please use "def_attrs". <class 'apps.models.account_mapping.AccountMapping'>
Warning: "seq_attrs" and "adv_seq_attrs were deprecated, please use "def_attrs". <class 'apps.models.user.User'>
Warning: "seq_attrs" and "adv_seq_attrs were deprecated, please use "def_attrs". <class 'apps.models.account_mapping.AccountMapping'>
Warning: "seq_attrs" and "adv_seq_attrs were deprecated, please use "def_attrs". <class 'apps.models.user.User'>
Warning: "seq_attrs" and "adv_seq_attrs were deprecated, please use "def_attrs". <class 'apps.models.account_mapping.AccountMapping'>
Warning: "seq_attrs" and "adv_seq_attrs were deprecated, please use "def_attrs". <class 'apps.models.user.User'>
Warning: "seq_attrs" and "adv_seq_attrs were deprecated, please use "def_attrs". <class 'apps.models.account_mapping.AccountMapping'>
Warning: "seq_attrs" and "adv_seq_attrs were deprecated, please use "def_attrs". <class 'apps.models.user.User'>
Warning: "seq_attrs" and "adv_seq_attrs were deprecated, please use "def_attrs". <class 'apps.models.account_mapping.AccountMapping'>
Warning: "seq_attrs" and "adv_seq_attrs were deprecated, please use "def_attrs". <class 'apps.models.user.User'>
Warning: "seq_attrs" and "adv_seq_attrs were deprecated, please use "def_attrs". <class 'apps.models.account_mapping.AccountMapping'>
Warning: "seq_attrs" and "adv_seq_attrs were deprecated, please use "def_attrs". <class 'apps.models.user.User'>
Warning: "seq_attrs" and "adv_seq_attrs were deprecated, please use "def_attrs". <class 'apps.models.account_mapping.AccountMapping'>
Warning: "seq_attrs" and "adv_seq_attrs were deprecated, please use "def_attrs". <class 'apps.models.user.User'>
Warning: "seq_attrs" and "adv_seq_attrs were deprecated, please use "def_attrs". <class 'apps.models.account_mapping.AccountMapping'>
Warning: "seq_attrs" and "adv_seq_attrs were deprecated, please use "def_attrs". <class 'apps.models.user.User'>
Warning: "seq_attrs" and "adv_seq_attrs were deprecated, please use "def_attrs". <class 'apps.models.account_mapping.AccountMapping'>
Warning: "seq_attrs" and "adv_seq_attrs were deprecated, please use "def_attrs". <class 'apps.models.user.User'>
Warning: "seq_attrs" and "adv_seq_attrs were deprecated, please use "def_attrs". <class 'apps.models.account_mapping.AccountMapping'>
Warning: "seq_attrs" and "adv_seq_attrs were deprecated, please use "def_attrs". <class 'apps.models.user.User'>
Warning: "seq_attrs" and "adv_seq_attrs were deprecated, please use "def_attrs". <class 'apps.models.account_mapping.AccountMapping'>
Warning: "seq_attrs" and "adv_seq_attrs were deprecated, please use "def_attrs". <class 'apps.models.user.User'>
Warning: "seq_attrs" and "adv_seq_attrs were deprecated, please use "def_attrs". <class 'apps.models.account_mapping.AccountMapping'>
Warning: "seq_attrs" and "adv_seq_attrs were deprecated, please use "def_attrs". <class 'apps.models.user.User'>
Warning: "seq_attrs" and "adv_seq_attrs were deprecated, please use "def_attrs". <class 'apps.models.account_mapping.AccountMapping'>
Warning: "seq_attrs" and "adv_seq_attrs were deprecated, please use "def_attrs". <class 'apps.models.user.User'>
Warning: "seq_attrs" and "adv_seq_attrs were deprecated, please use "def_attrs". <class 'apps.models.game_info.GameInfo'>
Warning: "seq_attrs" and "adv_seq_attrs were deprecated, please use "def_attrs". <class 'apps.models.admin_log.AdminLog'>
Warning: "seq_attrs" and "adv_seq_attrs were deprecated, please use "def_attrs". <class 'apps.models.account_mapping.AccountMapping'>
Warning: "seq_attrs" and "adv_seq_attrs were deprecated, please use "def_attrs". <class 'apps.models.user.User'>
Warning: "seq_attrs" and "adv_seq_attrs were deprecated, please use "def_attrs". <class 'apps.models.account_mapping.AccountMapping'>
Warning: "seq_attrs" and "adv_seq_attrs were deprecated, please use "def_attrs". <class 'apps.models.user.User'>
Warning: "seq_attrs" and "adv_seq_attrs were deprecated, please use "def_attrs". <class 'apps.models.admin_log.AdminLog'>
Warning: "seq_attrs" and "adv_seq_attrs were deprecated, please use "def_attrs". <class 'apps.models.account_mapping.AccountMapping'>
Warning: "seq_attrs" and "adv_seq_attrs were deprecated, please use "def_attrs". <class 'apps.models.user.User'>
Warning: "seq_attrs" and "adv_seq_attrs were deprecated, please use "def_attrs". <class 'apps.models.admin_log.AdminLog'>
/opt/sites/zgame/apps/admin/views/version_publish.py:10: DeprecationWarning: django.utils.simplejson is deprecated; use json instead.
  from django.utils import simplejson as json

Warning: "seq_attrs" and "adv_seq_attrs were deprecated, please use "def_attrs". <class 'apps.models.account_mapping.AccountMapping'>
Warning: "seq_attrs" and "adv_seq_attrs were deprecated, please use "def_attrs". <class 'apps.models.user.User'>
Warning: "seq_attrs" and "adv_seq_attrs were deprecated, please use "def_attrs". <class 'apps.models.account_mapping.AccountMapping'>
Warning: "seq_attrs" and "adv_seq_attrs were deprecated, please use "def_attrs". <class 'apps.models.user.User'>
Warning: "seq_attrs" and "adv_seq_attrs were deprecated, please use "def_attrs". <class 'apps.models.game_info.GameInfo'>
Warning: "seq_attrs" and "adv_seq_attrs were deprecated, please use "def_attrs". <class 'apps.models.account_mapping.AccountMapping'>
Warning: "seq_attrs" and "adv_seq_attrs were deprecated, please use "def_attrs". <class 'apps.models.user.User'>
Warning: "seq_attrs" and "adv_seq_attrs were deprecated, please use "def_attrs". <class 'apps.models.admin_log.AdminLog'>
Warning: "seq_attrs" and "adv_seq_attrs were deprecated, please use "def_attrs". <class 'apps.models.account_mapping.AccountMapping'>
Warning: "seq_attrs" and "adv_seq_attrs were deprecated, please use "def_attrs". <class 'apps.models.user.User'>
Warning: "seq_attrs" and "adv_seq_attrs were deprecated, please use "def_attrs". <class 'apps.models.admin_log.AdminLog'>
Warning: "seq_attrs" and "adv_seq_attrs were deprecated, please use "def_attrs". <class 'apps.models.account_mapping.AccountMapping'>
Warning: "seq_attrs" and "adv_seq_attrs were deprecated, please use "def_attrs". <class 'apps.models.user.User'>
Warning: "seq_attrs" and "adv_seq_attrs were deprecated, please use "def_attrs". <class 'apps.models.game_info.GameInfo'>
Warning: "seq_attrs" and "adv_seq_attrs were deprecated, please use "def_attrs". <class 'apps.models.account_mapping.AccountMapping'>
Warning: "seq_attrs" and "adv_seq_attrs were deprecated, please use "def_attrs". <class 'apps.models.user.User'>
Warning: "seq_attrs" and "adv_seq_attrs were deprecated, please use "def_attrs". <class 'apps.models.account_mapping.AccountMapping'>
Warning: "seq_attrs" and "adv_seq_attrs were deprecated, please use "def_attrs". <class 'apps.models.user.User'>
Warning: "seq_attrs" and "adv_seq_attrs were deprecated, please use "def_attrs". <class 'apps.models.account_mapping.AccountMapping'>
Warning: "seq_attrs" and "adv_seq_attrs were deprecated, please use "def_attrs". <class 'apps.models.user.User'>
Warning: "seq_attrs" and "adv_seq_attrs were deprecated, please use "def_attrs". <class 'apps.models.game_info.GameInfo'>
Warning: "seq_attrs" and "adv_seq_attrs were deprecated, please use "def_attrs". <class 'apps.models.account_mapping.AccountMapping'>
Warning: "seq_attrs" and "adv_seq_attrs were deprecated, please use "def_attrs". <class 'apps.models.user.User'>
Warning: "seq_attrs" and "adv_seq_attrs were deprecated, please use "def_attrs". <class 'apps.models.game_info.GameInfo'>
Warning: "seq_attrs" and "adv_seq_attrs were deprecated, please use "def_attrs". <class 'apps.models.account_mapping.AccountMapping'>
Warning: "seq_attrs" and "adv_seq_attrs were deprecated, please use "def_attrs". <class 'apps.models.user.User'>
Warning: "seq_attrs" and "adv_seq_attrs were deprecated, please use "def_attrs". <class 'apps.models.account_mapping.AccountMapping'>
Warning: "seq_attrs" and "adv_seq_attrs were deprecated, please use "def_attrs". <class 'apps.models.user.User'>
Warning: "seq_attrs" and "adv_seq_attrs were deprecated, please use "def_attrs". <class 'apps.models.account_mapping.AccountMapping'>
Warning: "seq_attrs" and "adv_seq_attrs were deprecated, please use "def_attrs". <class 'apps.models.user.User'>
Warning: "seq_attrs" and "adv_seq_attrs were deprecated, please use "def_attrs". <class 'apps.models.account_mapping.AccountMapping'>
Warning: "seq_attrs" and "adv_seq_attrs were deprecated, please use "def_attrs". <class 'apps.models.user.User'>
Warning: "seq_attrs" and "adv_seq_attrs were deprecated, please use "def_attrs". <class 'apps.models.game_info.GameInfo'>
Warning: "seq_attrs" and "adv_seq_attrs were deprecated, please use "def_attrs". <class 'apps.models.account_mapping.AccountMapping'>
Warning: "seq_attrs" and "adv_seq_attrs were deprecated, please use "def_attrs". <class 'apps.models.user.User'>
Warning: "seq_attrs" and "adv_seq_attrs were deprecated, please use "def_attrs". <class 'apps.models.admin_log.AdminLog'>
Warning: "seq_attrs" and "adv_seq_attrs were deprecated, please use "def_attrs". <class 'apps.models.account_mapping.AccountMapping'>
Warning: "seq_attrs" and "adv_seq_attrs were deprecated, please use "def_attrs". <class 'apps.models.user.User'>
Warning: "seq_attrs" and "adv_seq_attrs were deprecated, please use "def_attrs". <class 'apps.models.account_mapping.AccountMapping'>
Warning: "seq_attrs" and "adv_seq_attrs were deprecated, please use "def_attrs". <class 'apps.models.user.User'>
Warning: "seq_attrs" and "adv_seq_attrs were deprecated, please use "def_attrs". <class 'apps.models.account_mapping.AccountMapping'>
Warning: "seq_attrs" and "adv_seq_attrs were deprecated, please use "def_attrs". <class 'apps.models.user.User'>
Warning: "seq_attrs" and "adv_seq_attrs were deprecated, please use "def_attrs". <class 'apps.models.admin_log.AdminLog'>
Warning: "seq_attrs" and "adv_seq_attrs were deprecated, please use "def_attrs". <class 'apps.models.account_mapping.AccountMapping'>
Warning: "seq_attrs" and "adv_seq_attrs were deprecated, please use "def_attrs". <class 'apps.models.user.User'>
Warning: "seq_attrs" and "adv_seq_attrs were deprecated, please use "def_attrs". <class 'apps.models.admin_log.AdminLog'>
Warning: "seq_attrs" and "adv_seq_attrs were deprecated, please use "def_attrs". <class 'apps.models.account_mapping.AccountMapping'>
Warning: "seq_attrs" and "adv_seq_attrs were deprecated, please use "def_attrs". <class 'apps.models.user.User'>
Warning: "seq_attrs" and "adv_seq_attrs were deprecated, please use "def_attrs". <class 'apps.models.admin_log.AdminLog'>
Warning: "seq_attrs" and "adv_seq_attrs were deprecated, please use "def_attrs". <class 'apps.models.account_mapping.AccountMapping'>
Warning: "seq_attrs" and "adv_seq_attrs were deprecated, please use "def_attrs". <class 'apps.models.user.User'>
Warning: "seq_attrs" and "adv_seq_attrs were deprecated, please use "def_attrs". <class 'apps.models.account_mapping.AccountMapping'>
Warning: "seq_attrs" and "adv_seq_attrs were deprecated, please use "def_attrs". <class 'apps.models.user.User'>
Warning: "seq_attrs" and "adv_seq_attrs were deprecated, please use "def_attrs". <class 'apps.models.admin_log.AdminLog'>
Warning: "seq_attrs" and "adv_seq_attrs were deprecated, please use "def_attrs". <class 'apps.models.account_mapping.AccountMapping'>
Warning: "seq_attrs" and "adv_seq_attrs were deprecated, please use "def_attrs". <class 'apps.models.user.User'>
Warning: "seq_attrs" and "adv_seq_attrs were deprecated, please use "def_attrs". <class 'apps.models.admin_log.AdminLog'>
Warning: "seq_attrs" and "adv_seq_attrs were deprecated, please use "def_attrs". <class 'apps.models.account_mapping.AccountMapping'>
Warning: "seq_attrs" and "adv_seq_attrs were deprecated, please use "def_attrs". <class 'apps.models.user.User'>
Warning: "seq_attrs" and "adv_seq_attrs were deprecated, please use "def_attrs". <class 'apps.models.admin_log.AdminLog'>
Warning: "seq_attrs" and "adv_seq_attrs were deprecated, please use "def_attrs". <class 'apps.models.account_mapping.AccountMapping'>
Warning: "seq_attrs" and "adv_seq_attrs were deprecated, please use "def_attrs". <class 'apps.models.user.User'>
Warning: "seq_attrs" and "adv_seq_attrs were deprecated, please use "def_attrs". <class 'apps.models.admin_log.AdminLog'>
Warning: "seq_attrs" and "adv_seq_attrs were deprecated, please use "def_attrs". <class 'apps.models.account_mapping.AccountMapping'>
Warning: "seq_attrs" and "adv_seq_attrs were deprecated, please use "def_attrs". <class 'apps.models.user.User'>
Warning: "seq_attrs" and "adv_seq_attrs were deprecated, please use "def_attrs". <class 'apps.models.account_mapping.AccountMapping'>
Warning: "seq_attrs" and "adv_seq_attrs were deprecated, please use "def_attrs". <class 'apps.models.user.User'>
Warning: "seq_attrs" and "adv_seq_attrs were deprecated, please use "def_attrs". <class 'apps.models.account_mapping.AccountMapping'>
Warning: "seq_attrs" and "adv_seq_attrs were deprecated, please use "def_attrs". <class 'apps.models.user.User'>
Warning: "seq_attrs" and "adv_seq_attrs were deprecated, please use "def_attrs". <class 'apps.models.account_mapping.AccountMapping'>
Warning: "seq_attrs" and "adv_seq_attrs were deprecated, please use "def_attrs". <class 'apps.models.user.User'>
Warning: "seq_attrs" and "adv_seq_attrs were deprecated, please use "def_attrs". <class 'apps.models.admin_log.AdminLog'>
Warning: "seq_attrs" and "adv_seq_attrs were deprecated, please use "def_attrs". <class 'apps.models.admin_log.AdminLog'>
Warning: "seq_attrs" and "adv_seq_attrs were deprecated, please use "def_attrs". <class 'apps.models.admin_log.AdminLog'>
Warning: "seq_attrs" and "adv_seq_attrs were deprecated, please use "def_attrs". <class 'apps.models.admin_log.AdminLog'>
Warning: "seq_attrs" and "adv_seq_attrs were deprecated, please use "def_attrs". <class 'apps.models.account_mapping.AccountMapping'>
Warning: "seq_attrs" and "adv_seq_attrs were deprecated, please use "def_attrs". <class 'apps.models.user.User'>
Warning: "seq_attrs" and "adv_seq_attrs were deprecated, please use "def_attrs". <class 'apps.models.account_mapping.AccountMapping'>
Warning: "seq_attrs" and "adv_seq_attrs were deprecated, please use "def_attrs". <class 'apps.models.user.User'>
Warning: "seq_attrs" and "adv_seq_attrs were deprecated, please use "def_attrs". <class 'apps.models.account_mapping.AccountMapping'>
Warning: "seq_attrs" and "adv_seq_attrs were deprecated, please use "def_attrs". <class 'apps.models.user.User'>
Warning: "seq_attrs" and "adv_seq_attrs were deprecated, please use "def_attrs". <class 'apps.models.account_mapping.AccountMapping'>
Warning: "seq_attrs" and "adv_seq_attrs were deprecated, please use "def_attrs". <class 'apps.models.user.User'>
Warning: "seq_attrs" and "adv_seq_attrs were deprecated, please use "def_attrs". <class 'apps.models.admin_log.AdminLog'>
Warning: "seq_attrs" and "adv_seq_attrs were deprecated, please use "def_attrs". <class 'apps.models.admin_log.AdminLog'>
Warning: "seq_attrs" and "adv_seq_attrs were deprecated, please use "def_attrs". <class 'apps.models.admin_log.AdminLog'>
Warning: "seq_attrs" and "adv_seq_attrs were deprecated, please use "def_attrs". <class 'apps.models.admin_log.AdminLog'>
Warning: "seq_attrs" and "adv_seq_attrs were deprecated, please use "def_attrs". <class 'apps.models.account_mapping.AccountMapping'>
Warning: "seq_attrs" and "adv_seq_attrs were deprecated, please use "def_attrs". <class 'apps.models.user.User'>
Warning: "seq_attrs" and "adv_seq_attrs were deprecated, please use "def_attrs". <class 'apps.models.account_mapping.AccountMapping'>
Warning: "seq_attrs" and "adv_seq_attrs were deprecated, please use "def_attrs". <class 'apps.models.user.User'>
Warning: "seq_attrs" and "adv_seq_attrs were deprecated, please use "def_attrs". <class 'apps.models.game_info.GameInfo'>
Warning: "seq_attrs" and "adv_seq_attrs were deprecated, please use "def_attrs". <class 'apps.models.account_mapping.AccountMapping'>
Warning: "seq_attrs" and "adv_seq_attrs were deprecated, please use "def_attrs". <class 'apps.models.user.User'>
Warning: "seq_attrs" and "adv_seq_attrs were deprecated, please use "def_attrs". <class 'apps.models.account_mapping.AccountMapping'>
Warning: "seq_attrs" and "adv_seq_attrs were deprecated, please use "def_attrs". <class 'apps.models.user.User'>
Warning: "seq_attrs" and "adv_seq_attrs were deprecated, please use "def_attrs". <class 'apps.models.account_mapping.AccountMapping'>
Warning: "seq_attrs" and "adv_seq_attrs were deprecated, please use "def_attrs". <class 'apps.models.user.User'>
Warning: "seq_attrs" and "adv_seq_attrs were deprecated, please use "def_attrs". <class 'apps.models.account_mapping.AccountMapping'>
Warning: "seq_attrs" and "adv_seq_attrs were deprecated, please use "def_attrs". <class 'apps.models.user.User'>
Warning: "seq_attrs" and "adv_seq_attrs were deprecated, please use "def_attrs". <class 'apps.models.account_mapping.AccountMapping'>
Warning: "seq_attrs" and "adv_seq_attrs were deprecated, please use "def_attrs". <class 'apps.models.user.User'>
Warning: "seq_attrs" and "adv_seq_attrs were deprecated, please use "def_attrs". <class 'apps.models.account_mapping.AccountMapping'>
Warning: "seq_attrs" and "adv_seq_attrs were deprecated, please use "def_attrs". <class 'apps.models.user.User'>
Warning: "seq_attrs" and "adv_seq_attrs were deprecated, please use "def_attrs". <class 'apps.models.account_mapping.AccountMapping'>
Warning: "seq_attrs" and "adv_seq_attrs were deprecated, please use "def_attrs". <class 'apps.models.user.User'>
Warning: "seq_attrs" and "adv_seq_attrs were deprecated, please use "def_attrs". <class 'apps.models.account_mapping.AccountMapping'>
Warning: "seq_attrs" and "adv_seq_attrs were deprecated, please use "def_attrs". <class 'apps.models.user.User'>
